<?xml version="1.0" encoding="UTF-8"?>
<!-- Generated by org.testng.reporters.JUnitReportReporter -->
<testsuite hostname="PHG-IN-PF290PYX" failures="0" tests="2" name="ng.day1" time="0.039" errors="0" timestamp="28 Nov 2023 20:22:20 GMT" skipped="0">
  <testcase classname="ng.day1" name="secondTest" time="0.036"/>
  <testcase classname="ng.day1" name="test" time="0.003"/>
</testsuite> <!-- ng.day1 -->
