<?xml version="1.0" encoding="UTF-8"?>
<!-- Generated by org.testng.reporters.JUnitReportReporter -->
<testsuite hostname="PHG-IN-PF290PYX" failures="0" tests="2" name="perfectCode.ConferenceExecution" time="23.759" errors="0" timestamp="15 Dec 2023 11:48:11 GMT" skipped="0">
  <testcase classname="perfectCode.ConferenceExecution" name="Filter" time="14.282"/>
  <testcase classname="perfectCode.ConferenceExecution" name="Pagination" time="9.477"/>
</testsuite> <!-- perfectCode.ConferenceExecution -->
