<?xml version="1.0" encoding="UTF-8"?>
<!-- Generated by org.testng.reporters.JUnitReportReporter -->
<testsuite hostname="PHG-IN-PF290PYX" failures="0" tests="1" name="practice.day2" time="0.016" errors="0" timestamp="21 Oct 2023 20:00:14 GMT" skipped="0">
  <testcase classname="practice.day2" name="demo" time="0.016"/>
</testsuite> <!-- practice.day2 -->
