<?xml version="1.0" encoding="UTF-8"?>
<!-- Generated by org.testng.reporters.JUnitReportReporter -->
<testsuite hostname="PHG-IN-PF290PYX" failures="0" tests="1" name="practice.test" time="0.001" errors="0" timestamp="21 Oct 2023 20:00:14 GMT" skipped="0">
  <testcase classname="practice.test" name="demo" time="0.001"/>
</testsuite> <!-- practice.test -->
