<?xml version="1.0" encoding="UTF-8"?>
<!-- Generated by org.testng.reporters.JUnitReportReporter -->
<testsuite hostname="PHG-IN-PF290PYX" failures="0" tests="2" name="practice.data_driven" time="9.070" errors="0" timestamp="08 Aug 2023 18:47:34 GMT" skipped="0">
  <testcase classname="practice.data_driven" name="searchKeyword" time="4.291"/>
  <testcase classname="practice.data_driven" name="searchKeyword" time="4.779"/>
</testsuite> <!-- practice.data_driven -->
