<?xml version="1.0" encoding="UTF-8"?>
<!-- Generated by org.testng.reporters.JUnitReportReporter -->
<testsuite hostname="PHG-IN-PF290PYX" failures="0" tests="3" name="ng.day4" time="0.006" errors="0" timestamp="28 Nov 2023 20:22:20 GMT" skipped="0">
  <testcase classname="ng.day4" name="APILoginhome" time="0.002"/>
  <testcase classname="ng.day4" name="mobileLoginhome" time="0.002"/>
  <testcase classname="ng.day4" name="webLoginhome" time="0.002"/>
</testsuite> <!-- ng.day4 -->
