<?xml version="1.0" encoding="UTF-8"?>
<!-- Generated by org.testng.reporters.JUnitReportReporter -->
<testsuite hostname="PHG-IN-PF290PYX" failures="0" tests="1" name="perfectCode.Conference" time="22.535" errors="0" timestamp="09 Dec 2023 16:03:54 GMT" skipped="0">
  <testcase classname="perfectCode.Conference" name="listingPage" time="22.535"/>
</testsuite> <!-- perfectCode.Conference -->
