<?xml version="1.0" encoding="UTF-8"?>
<!-- Generated by org.testng.reporters.JUnitReportReporter -->
<testsuite hostname="PHG-IN-PF290PYX" failures="0" tests="1" name="ng.day2" time="0.003" errors="0" timestamp="28 Nov 2023 20:22:20 GMT" skipped="0">
  <testcase classname="ng.day2" name="ploan" time="0.003"/>
</testsuite> <!-- ng.day2 -->
