<?xml version="1.0" encoding="UTF-8"?>
<!-- Generated by org.testng.reporters.JUnitReportReporter -->
<testsuite hostname="PHG-IN-PF290PYX" failures="0" tests="1" name="perfectCode.PlaybookExecution" time="16.386" errors="0" timestamp="15 Dec 2023 11:48:11 GMT" skipped="0">
  <testcase classname="perfectCode.PlaybookExecution" name="Sorting" time="16.386"/>
</testsuite> <!-- perfectCode.PlaybookExecution -->
